<?xml version="1.0" encoding="UTF-8"?>
<!-- Generated by org.testng.reporters.JUnitXMLReporter -->
<testsuite ignored="0" hostname="DESKTOP-12590PK" failures="1" tests="1" name="Default test" time="44.157" errors="0" timestamp="2024-06-02T12:28:02 IST">
  <testcase classname="io.cucumber.testng.AbstractTestNGCucumberTests" name="runScenario" time="42.327">
    <failure type="java.lang.NullPointerException">
      <![CDATA[java.lang.NullPointerException
at StepDefination.LoginDef.SetUp(LoginDef.java:75)
]]>
    </failure>
  </testcase> <!-- runScenario -->
</testsuite> <!-- Default test -->
